2023-07-30 10:58:33,379 [ 1] INFO  Unity: LoadingManager start
2023-07-30 10:58:36,422 [ 1] INFO  Unity: DataManager > DataManager()
2023-07-30 10:59:00,703 [ 1] INFO  Unity: UserLoginRequest::user :admin psw:1
2023-07-30 10:59:00,704 [ 1] INFO  Unity: ConnectToServer() Start 
2023-07-30 10:59:00,709 [ 1] INFO  Unity: DoConnect
2023-07-30 10:59:00,711 [ 1] INFO  Unity: NetClient.DoConnect on 127.0.0.1:8100
2023-07-30 10:59:00,715 [ 1] INFO  Unity: Connect[0] to server 127.0.0.1:8100

2023-07-30 10:59:00,720 [ 1] INFO  Unity: LoadingMesager::OnGameServerConnect :0 reason:Success
2023-07-30 10:59:00,853 [ 1] INFO  Unity: OnLogin:Success [None]
2023-07-30 10:59:00,855 [ 1] INFO  Unity: LoadLevel: CharSelect
2023-07-30 10:59:01,220 [ 1] INFO  Unity: LevelLoadCompleted:1
2023-07-30 10:59:01,223 [ 1] INFO  Unity: There are 2 audio listeners in the scene. Please ensure there is always exactly one audio listener in the scene.
2023-07-30 10:59:01,246 [ 1] INFO  Unity: There are 2 audio listeners in the scene. Please ensure there is always exactly one audio listener in the scene.
2023-07-30 10:59:01,298 [ 1] INFO  Unity: There are 2 audio listeners in the scene. Please ensure there is always exactly one audio listener in the scene.
2023-07-30 10:59:01,310 [ 1] INFO  Unity: There are 2 audio listeners in the scene. Please ensure there is always exactly one audio listener in the scene.
2023-07-30 10:59:01,311 [ 1] INFO  Unity: There are 2 audio listeners in the scene. Please ensure there is always exactly one audio listener in the scene.
2023-07-30 10:59:01,312 [ 1] INFO  Unity: There are 2 audio listeners in the scene. Please ensure there is always exactly one audio listener in the scene.
2023-07-30 10:59:01,327 [ 1] INFO  Unity: There are 2 audio listeners in the scene. Please ensure there is always exactly one audio listener in the scene.
2023-07-30 10:59:01,328 [ 1] INFO  Unity: There are 2 audio listeners in the scene. Please ensure there is always exactly one audio listener in the scene.
2023-07-30 10:59:01,344 [ 1] INFO  Unity: There are 2 audio listeners in the scene. Please ensure there is always exactly one audio listener in the scene.
2023-07-30 10:59:01,345 [ 1] INFO  Unity: There are 2 audio listeners in the scene. Please ensure there is always exactly one audio listener in the scene.
2023-07-30 10:59:01,360 [ 1] INFO  Unity: There are 2 audio listeners in the scene. Please ensure there is always exactly one audio listener in the scene.
2023-07-30 10:59:01,361 [ 1] INFO  Unity: There are 2 audio listeners in the scene. Please ensure there is always exactly one audio listener in the scene.
2023-07-30 10:59:01,377 [ 1] INFO  Unity: There are 2 audio listeners in the scene. Please ensure there is always exactly one audio listener in the scene.
2023-07-30 10:59:01,378 [ 1] INFO  Unity: There are 2 audio listeners in the scene. Please ensure there is always exactly one audio listener in the scene.
2023-07-30 10:59:01,393 [ 1] INFO  Unity: There are 2 audio listeners in the scene. Please ensure there is always exactly one audio listener in the scene.
2023-07-30 10:59:01,394 [ 1] INFO  Unity: There are 2 audio listeners in the scene. Please ensure there is always exactly one audio listener in the scene.
2023-07-30 10:59:01,410 [ 1] INFO  Unity: There are 2 audio listeners in the scene. Please ensure there is always exactly one audio listener in the scene.
2023-07-30 10:59:01,410 [ 1] INFO  Unity: There are 2 audio listeners in the scene. Please ensure there is always exactly one audio listener in the scene.
2023-07-30 10:59:01,426 [ 1] INFO  Unity: There are 2 audio listeners in the scene. Please ensure there is always exactly one audio listener in the scene.
2023-07-30 10:59:01,427 [ 1] INFO  Unity: There are 2 audio listeners in the scene. Please ensure there is always exactly one audio listener in the scene.
2023-07-30 10:59:01,443 [ 1] INFO  Unity: There are 2 audio listeners in the scene. Please ensure there is always exactly one audio listener in the scene.
2023-07-30 10:59:01,444 [ 1] INFO  Unity: There are 2 audio listeners in the scene. Please ensure there is always exactly one audio listener in the scene.
2023-07-30 10:59:01,460 [ 1] INFO  Unity: There are 2 audio listeners in the scene. Please ensure there is always exactly one audio listener in the scene.
2023-07-30 10:59:01,461 [ 1] INFO  Unity: There are 2 audio listeners in the scene. Please ensure there is always exactly one audio listener in the scene.
2023-07-30 10:59:01,478 [ 1] INFO  Unity: There are 2 audio listeners in the scene. Please ensure there is always exactly one audio listener in the scene.
2023-07-30 10:59:01,479 [ 1] INFO  Unity: There are 2 audio listeners in the scene. Please ensure there is always exactly one audio listener in the scene.
2023-07-30 10:59:01,493 [ 1] INFO  Unity: There are 2 audio listeners in the scene. Please ensure there is always exactly one audio listener in the scene.
2023-07-30 10:59:01,494 [ 1] INFO  Unity: There are 2 audio listeners in the scene. Please ensure there is always exactly one audio listener in the scene.
2023-07-30 10:59:01,509 [ 1] INFO  Unity: There are 2 audio listeners in the scene. Please ensure there is always exactly one audio listener in the scene.
2023-07-30 10:59:01,510 [ 1] INFO  Unity: There are 2 audio listeners in the scene. Please ensure there is always exactly one audio listener in the scene.
2023-07-30 10:59:01,526 [ 1] INFO  Unity: There are 2 audio listeners in the scene. Please ensure there is always exactly one audio listener in the scene.
2023-07-30 10:59:01,527 [ 1] INFO  Unity: There are 2 audio listeners in the scene. Please ensure there is always exactly one audio listener in the scene.
2023-07-30 10:59:01,542 [ 1] INFO  Unity: There are 2 audio listeners in the scene. Please ensure there is always exactly one audio listener in the scene.
2023-07-30 10:59:01,543 [ 1] INFO  Unity: There are 2 audio listeners in the scene. Please ensure there is always exactly one audio listener in the scene.
2023-07-30 10:59:01,559 [ 1] INFO  Unity: There are 2 audio listeners in the scene. Please ensure there is always exactly one audio listener in the scene.
2023-07-30 10:59:01,560 [ 1] INFO  Unity: There are 2 audio listeners in the scene. Please ensure there is always exactly one audio listener in the scene.
2023-07-30 10:59:01,575 [ 1] INFO  Unity: There are 2 audio listeners in the scene. Please ensure there is always exactly one audio listener in the scene.
2023-07-30 10:59:01,576 [ 1] INFO  Unity: There are 2 audio listeners in the scene. Please ensure there is always exactly one audio listener in the scene.
2023-07-30 10:59:01,592 [ 1] INFO  Unity: There are 2 audio listeners in the scene. Please ensure there is always exactly one audio listener in the scene.
2023-07-30 10:59:01,609 [ 1] INFO  Unity: There are 2 audio listeners in the scene. Please ensure there is always exactly one audio listener in the scene.
2023-07-30 10:59:01,610 [ 1] INFO  Unity: There are 2 audio listeners in the scene. Please ensure there is always exactly one audio listener in the scene.
2023-07-30 10:59:01,625 [ 1] INFO  Unity: There are 2 audio listeners in the scene. Please ensure there is always exactly one audio listener in the scene.
2023-07-30 10:59:01,626 [ 1] INFO  Unity: There are 2 audio listeners in the scene. Please ensure there is always exactly one audio listener in the scene.
2023-07-30 10:59:01,642 [ 1] INFO  Unity: There are 2 audio listeners in the scene. Please ensure there is always exactly one audio listener in the scene.
2023-07-30 10:59:01,643 [ 1] INFO  Unity: There are 2 audio listeners in the scene. Please ensure there is always exactly one audio listener in the scene.
2023-07-30 10:59:01,659 [ 1] INFO  Unity: There are 2 audio listeners in the scene. Please ensure there is always exactly one audio listener in the scene.
2023-07-30 10:59:01,659 [ 1] INFO  Unity: There are 2 audio listeners in the scene. Please ensure there is always exactly one audio listener in the scene.
2023-07-30 10:59:01,675 [ 1] INFO  Unity: There are 2 audio listeners in the scene. Please ensure there is always exactly one audio listener in the scene.
2023-07-30 10:59:01,676 [ 1] INFO  Unity: There are 2 audio listeners in the scene. Please ensure there is always exactly one audio listener in the scene.
2023-07-30 10:59:01,692 [ 1] INFO  Unity: There are 2 audio listeners in the scene. Please ensure there is always exactly one audio listener in the scene.
2023-07-30 10:59:01,692 [ 1] INFO  Unity: There are 2 audio listeners in the scene. Please ensure there is always exactly one audio listener in the scene.
2023-07-30 10:59:01,708 [ 1] INFO  Unity: There are 2 audio listeners in the scene. Please ensure there is always exactly one audio listener in the scene.
2023-07-30 10:59:01,709 [ 1] INFO  Unity: There are 2 audio listeners in the scene. Please ensure there is always exactly one audio listener in the scene.
2023-07-30 10:59:01,725 [ 1] INFO  Unity: There are 2 audio listeners in the scene. Please ensure there is always exactly one audio listener in the scene.
2023-07-30 10:59:01,726 [ 1] INFO  Unity: There are 2 audio listeners in the scene. Please ensure there is always exactly one audio listener in the scene.
2023-07-30 10:59:01,741 [ 1] INFO  Unity: There are 2 audio listeners in the scene. Please ensure there is always exactly one audio listener in the scene.
2023-07-30 10:59:01,742 [ 1] INFO  Unity: There are 2 audio listeners in the scene. Please ensure there is always exactly one audio listener in the scene.
2023-07-30 10:59:01,758 [ 1] INFO  Unity: There are 2 audio listeners in the scene. Please ensure there is always exactly one audio listener in the scene.
2023-07-30 10:59:01,758 [ 1] INFO  Unity: There are 2 audio listeners in the scene. Please ensure there is always exactly one audio listener in the scene.
2023-07-30 10:59:01,775 [ 1] INFO  Unity: There are 2 audio listeners in the scene. Please ensure there is always exactly one audio listener in the scene.
2023-07-30 10:59:01,775 [ 1] INFO  Unity: There are 2 audio listeners in the scene. Please ensure there is always exactly one audio listener in the scene.
2023-07-30 10:59:01,791 [ 1] INFO  Unity: There are 2 audio listeners in the scene. Please ensure there is always exactly one audio listener in the scene.
2023-07-30 10:59:01,792 [ 1] INFO  Unity: There are 2 audio listeners in the scene. Please ensure there is always exactly one audio listener in the scene.
2023-07-30 10:59:01,808 [ 1] INFO  Unity: There are 2 audio listeners in the scene. Please ensure there is always exactly one audio listener in the scene.
2023-07-30 10:59:01,809 [ 1] INFO  Unity: There are 2 audio listeners in the scene. Please ensure there is always exactly one audio listener in the scene.
2023-07-30 10:59:01,825 [ 1] INFO  Unity: There are 2 audio listeners in the scene. Please ensure there is always exactly one audio listener in the scene.
2023-07-30 10:59:01,826 [ 1] INFO  Unity: There are 2 audio listeners in the scene. Please ensure there is always exactly one audio listener in the scene.
2023-07-30 10:59:01,841 [ 1] INFO  Unity: There are 2 audio listeners in the scene. Please ensure there is always exactly one audio listener in the scene.
2023-07-30 10:59:01,842 [ 1] INFO  Unity: There are 2 audio listeners in the scene. Please ensure there is always exactly one audio listener in the scene.
2023-07-30 10:59:01,857 [ 1] INFO  Unity: There are 2 audio listeners in the scene. Please ensure there is always exactly one audio listener in the scene.
2023-07-30 10:59:01,858 [ 1] INFO  Unity: There are 2 audio listeners in the scene. Please ensure there is always exactly one audio listener in the scene.
2023-07-30 10:59:01,874 [ 1] INFO  Unity: There are 2 audio listeners in the scene. Please ensure there is always exactly one audio listener in the scene.
2023-07-30 10:59:01,875 [ 1] INFO  Unity: There are 2 audio listeners in the scene. Please ensure there is always exactly one audio listener in the scene.
2023-07-30 10:59:01,890 [ 1] INFO  Unity: There are 2 audio listeners in the scene. Please ensure there is always exactly one audio listener in the scene.
2023-07-30 10:59:01,891 [ 1] INFO  Unity: There are 2 audio listeners in the scene. Please ensure there is always exactly one audio listener in the scene.
2023-07-30 10:59:01,907 [ 1] INFO  Unity: There are 2 audio listeners in the scene. Please ensure there is always exactly one audio listener in the scene.
2023-07-30 10:59:01,908 [ 1] INFO  Unity: There are 2 audio listeners in the scene. Please ensure there is always exactly one audio listener in the scene.
2023-07-30 10:59:01,924 [ 1] INFO  Unity: There are 2 audio listeners in the scene. Please ensure there is always exactly one audio listener in the scene.
2023-07-30 10:59:01,925 [ 1] INFO  Unity: There are 2 audio listeners in the scene. Please ensure there is always exactly one audio listener in the scene.
2023-07-30 10:59:01,940 [ 1] INFO  Unity: There are 2 audio listeners in the scene. Please ensure there is always exactly one audio listener in the scene.
2023-07-30 10:59:01,941 [ 1] INFO  Unity: There are 2 audio listeners in the scene. Please ensure there is always exactly one audio listener in the scene.
2023-07-30 10:59:01,957 [ 1] INFO  Unity: There are 2 audio listeners in the scene. Please ensure there is always exactly one audio listener in the scene.
2023-07-30 10:59:01,958 [ 1] INFO  Unity: There are 2 audio listeners in the scene. Please ensure there is always exactly one audio listener in the scene.
2023-07-30 10:59:01,974 [ 1] INFO  Unity: There are 2 audio listeners in the scene. Please ensure there is always exactly one audio listener in the scene.
2023-07-30 10:59:01,975 [ 1] INFO  Unity: There are 2 audio listeners in the scene. Please ensure there is always exactly one audio listener in the scene.
2023-07-30 10:59:01,990 [ 1] INFO  Unity: There are 2 audio listeners in the scene. Please ensure there is always exactly one audio listener in the scene.
2023-07-30 10:59:01,991 [ 1] INFO  Unity: There are 2 audio listeners in the scene. Please ensure there is always exactly one audio listener in the scene.
2023-07-30 10:59:02,006 [ 1] INFO  Unity: There are 2 audio listeners in the scene. Please ensure there is always exactly one audio listener in the scene.
2023-07-30 10:59:02,008 [ 1] INFO  Unity: There are 2 audio listeners in the scene. Please ensure there is always exactly one audio listener in the scene.
2023-07-30 10:59:02,024 [ 1] INFO  Unity: There are 2 audio listeners in the scene. Please ensure there is always exactly one audio listener in the scene.
2023-07-30 10:59:02,024 [ 1] INFO  Unity: There are 2 audio listeners in the scene. Please ensure there is always exactly one audio listener in the scene.
2023-07-30 10:59:02,040 [ 1] INFO  Unity: There are 2 audio listeners in the scene. Please ensure there is always exactly one audio listener in the scene.
2023-07-30 10:59:02,041 [ 1] INFO  Unity: There are 2 audio listeners in the scene. Please ensure there is always exactly one audio listener in the scene.
2023-07-30 10:59:02,057 [ 1] INFO  Unity: There are 2 audio listeners in the scene. Please ensure there is always exactly one audio listener in the scene.
2023-07-30 10:59:02,058 [ 1] INFO  Unity: There are 2 audio listeners in the scene. Please ensure there is always exactly one audio listener in the scene.
2023-07-30 10:59:02,074 [ 1] INFO  Unity: There are 2 audio listeners in the scene. Please ensure there is always exactly one audio listener in the scene.
2023-07-30 10:59:02,075 [ 1] INFO  Unity: There are 2 audio listeners in the scene. Please ensure there is always exactly one audio listener in the scene.
2023-07-30 10:59:02,090 [ 1] INFO  Unity: There are 2 audio listeners in the scene. Please ensure there is always exactly one audio listener in the scene.
2023-07-30 10:59:02,091 [ 1] INFO  Unity: There are 2 audio listeners in the scene. Please ensure there is always exactly one audio listener in the scene.
2023-07-30 10:59:02,107 [ 1] INFO  Unity: There are 2 audio listeners in the scene. Please ensure there is always exactly one audio listener in the scene.
2023-07-30 10:59:02,107 [ 1] INFO  Unity: There are 2 audio listeners in the scene. Please ensure there is always exactly one audio listener in the scene.
2023-07-30 10:59:02,124 [ 1] INFO  Unity: There are 2 audio listeners in the scene. Please ensure there is always exactly one audio listener in the scene.
2023-07-30 10:59:02,124 [ 1] INFO  Unity: There are 2 audio listeners in the scene. Please ensure there is always exactly one audio listener in the scene.
2023-07-30 10:59:02,140 [ 1] INFO  Unity: There are 2 audio listeners in the scene. Please ensure there is always exactly one audio listener in the scene.
2023-07-30 10:59:02,140 [ 1] INFO  Unity: There are 2 audio listeners in the scene. Please ensure there is always exactly one audio listener in the scene.
2023-07-30 10:59:02,157 [ 1] INFO  Unity: There are 2 audio listeners in the scene. Please ensure there is always exactly one audio listener in the scene.
2023-07-30 10:59:02,157 [ 1] INFO  Unity: There are 2 audio listeners in the scene. Please ensure there is always exactly one audio listener in the scene.
2023-07-30 10:59:02,173 [ 1] INFO  Unity: There are 2 audio listeners in the scene. Please ensure there is always exactly one audio listener in the scene.
2023-07-30 10:59:02,174 [ 1] INFO  Unity: There are 2 audio listeners in the scene. Please ensure there is always exactly one audio listener in the scene.
2023-07-30 10:59:02,190 [ 1] INFO  Unity: There are 2 audio listeners in the scene. Please ensure there is always exactly one audio listener in the scene.
2023-07-30 10:59:02,190 [ 1] INFO  Unity: There are 2 audio listeners in the scene. Please ensure there is always exactly one audio listener in the scene.
2023-07-30 10:59:02,206 [ 1] INFO  Unity: There are 2 audio listeners in the scene. Please ensure there is always exactly one audio listener in the scene.
2023-07-30 10:59:02,207 [ 1] INFO  Unity: There are 2 audio listeners in the scene. Please ensure there is always exactly one audio listener in the scene.
2023-07-30 10:59:02,223 [ 1] INFO  Unity: There are 2 audio listeners in the scene. Please ensure there is always exactly one audio listener in the scene.
2023-07-30 10:59:02,223 [ 1] INFO  Unity: There are 2 audio listeners in the scene. Please ensure there is always exactly one audio listener in the scene.
2023-07-30 10:59:02,239 [ 1] INFO  Unity: There are 2 audio listeners in the scene. Please ensure there is always exactly one audio listener in the scene.
2023-07-30 10:59:02,240 [ 1] INFO  Unity: There are 2 audio listeners in the scene. Please ensure there is always exactly one audio listener in the scene.
2023-07-30 10:59:02,256 [ 1] INFO  Unity: There are 2 audio listeners in the scene. Please ensure there is always exactly one audio listener in the scene.
2023-07-30 10:59:02,257 [ 1] INFO  Unity: There are 2 audio listeners in the scene. Please ensure there is always exactly one audio listener in the scene.
2023-07-30 10:59:02,272 [ 1] INFO  Unity: There are 2 audio listeners in the scene. Please ensure there is always exactly one audio listener in the scene.
2023-07-30 10:59:02,272 [ 1] INFO  Unity: There are 2 audio listeners in the scene. Please ensure there is always exactly one audio listener in the scene.
2023-07-30 10:59:02,289 [ 1] INFO  Unity: There are 2 audio listeners in the scene. Please ensure there is always exactly one audio listener in the scene.
2023-07-30 10:59:02,290 [ 1] INFO  Unity: There are 2 audio listeners in the scene. Please ensure there is always exactly one audio listener in the scene.
2023-07-30 10:59:02,305 [ 1] INFO  Unity: There are 2 audio listeners in the scene. Please ensure there is always exactly one audio listener in the scene.
2023-07-30 10:59:02,306 [ 1] INFO  Unity: There are 2 audio listeners in the scene. Please ensure there is always exactly one audio listener in the scene.
2023-07-30 10:59:02,321 [ 1] INFO  Unity: There are 2 audio listeners in the scene. Please ensure there is always exactly one audio listener in the scene.
2023-07-30 10:59:02,322 [ 1] INFO  Unity: There are 2 audio listeners in the scene. Please ensure there is always exactly one audio listener in the scene.
2023-07-30 10:59:02,338 [ 1] INFO  Unity: There are 2 audio listeners in the scene. Please ensure there is always exactly one audio listener in the scene.
2023-07-30 10:59:02,339 [ 1] INFO  Unity: There are 2 audio listeners in the scene. Please ensure there is always exactly one audio listener in the scene.
2023-07-30 10:59:02,354 [ 1] INFO  Unity: There are 2 audio listeners in the scene. Please ensure there is always exactly one audio listener in the scene.
2023-07-30 10:59:02,355 [ 1] INFO  Unity: There are 2 audio listeners in the scene. Please ensure there is always exactly one audio listener in the scene.
2023-07-30 10:59:02,371 [ 1] INFO  Unity: There are 2 audio listeners in the scene. Please ensure there is always exactly one audio listener in the scene.
2023-07-30 10:59:02,372 [ 1] INFO  Unity: There are 2 audio listeners in the scene. Please ensure there is always exactly one audio listener in the scene.
2023-07-30 10:59:02,388 [ 1] INFO  Unity: There are 2 audio listeners in the scene. Please ensure there is always exactly one audio listener in the scene.
2023-07-30 10:59:02,389 [ 1] INFO  Unity: There are 2 audio listeners in the scene. Please ensure there is always exactly one audio listener in the scene.
2023-07-30 10:59:02,405 [ 1] INFO  Unity: There are 2 audio listeners in the scene. Please ensure there is always exactly one audio listener in the scene.
2023-07-30 10:59:02,407 [ 1] INFO  Unity: There are 2 audio listeners in the scene. Please ensure there is always exactly one audio listener in the scene.
2023-07-30 10:59:02,421 [ 1] INFO  Unity: There are 2 audio listeners in the scene. Please ensure there is always exactly one audio listener in the scene.
2023-07-30 10:59:02,421 [ 1] INFO  Unity: There are 2 audio listeners in the scene. Please ensure there is always exactly one audio listener in the scene.
2023-07-30 10:59:02,437 [ 1] INFO  Unity: There are 2 audio listeners in the scene. Please ensure there is always exactly one audio listener in the scene.
2023-07-30 10:59:02,439 [ 1] INFO  Unity: There are 2 audio listeners in the scene. Please ensure there is always exactly one audio listener in the scene.
2023-07-30 10:59:02,454 [ 1] INFO  Unity: There are 2 audio listeners in the scene. Please ensure there is always exactly one audio listener in the scene.
2023-07-30 10:59:02,456 [ 1] INFO  Unity: Select Char:[1]11[Wizard]
2023-07-30 10:59:02,461 [ 1] INFO  Unity: There are 2 audio listeners in the scene. Please ensure there is always exactly one audio listener in the scene.
2023-07-30 10:59:02,471 [ 1] INFO  Unity: There are 2 audio listeners in the scene. Please ensure there is always exactly one audio listener in the scene.
2023-07-30 10:59:02,473 [ 1] INFO  Unity: There are 2 audio listeners in the scene. Please ensure there is always exactly one audio listener in the scene.
2023-07-30 10:59:02,487 [ 1] INFO  Unity: There are 2 audio listeners in the scene. Please ensure there is always exactly one audio listener in the scene.
2023-07-30 10:59:02,488 [ 1] INFO  Unity: There are 2 audio listeners in the scene. Please ensure there is always exactly one audio listener in the scene.
2023-07-30 10:59:02,504 [ 1] INFO  Unity: There are 2 audio listeners in the scene. Please ensure there is always exactly one audio listener in the scene.
2023-07-30 10:59:02,506 [ 1] INFO  Unity: There are 2 audio listeners in the scene. Please ensure there is always exactly one audio listener in the scene.
2023-07-30 10:59:02,520 [ 1] INFO  Unity: There are 2 audio listeners in the scene. Please ensure there is always exactly one audio listener in the scene.
2023-07-30 10:59:02,521 [ 1] INFO  Unity: There are 2 audio listeners in the scene. Please ensure there is always exactly one audio listener in the scene.
2023-07-30 10:59:02,537 [ 1] INFO  Unity: There are 2 audio listeners in the scene. Please ensure there is always exactly one audio listener in the scene.
2023-07-30 10:59:02,539 [ 1] INFO  Unity: There are 2 audio listeners in the scene. Please ensure there is always exactly one audio listener in the scene.
2023-07-30 10:59:02,554 [ 1] INFO  Unity: There are 2 audio listeners in the scene. Please ensure there is always exactly one audio listener in the scene.
2023-07-30 10:59:02,556 [ 1] INFO  Unity: There are 2 audio listeners in the scene. Please ensure there is always exactly one audio listener in the scene.
2023-07-30 10:59:02,570 [ 1] INFO  Unity: There are 2 audio listeners in the scene. Please ensure there is always exactly one audio listener in the scene.
2023-07-30 10:59:02,571 [ 1] INFO  Unity: There are 2 audio listeners in the scene. Please ensure there is always exactly one audio listener in the scene.
2023-07-30 10:59:02,586 [ 1] INFO  Unity: There are 2 audio listeners in the scene. Please ensure there is always exactly one audio listener in the scene.
2023-07-30 10:59:02,588 [ 1] INFO  Unity: There are 2 audio listeners in the scene. Please ensure there is always exactly one audio listener in the scene.
2023-07-30 10:59:02,603 [ 1] INFO  Unity: There are 2 audio listeners in the scene. Please ensure there is always exactly one audio listener in the scene.
2023-07-30 10:59:02,604 [ 1] INFO  Unity: There are 2 audio listeners in the scene. Please ensure there is always exactly one audio listener in the scene.
2023-07-30 10:59:02,619 [ 1] INFO  Unity: There are 2 audio listeners in the scene. Please ensure there is always exactly one audio listener in the scene.
2023-07-30 10:59:02,621 [ 1] INFO  Unity: There are 2 audio listeners in the scene. Please ensure there is always exactly one audio listener in the scene.
2023-07-30 10:59:02,636 [ 1] INFO  Unity: There are 2 audio listeners in the scene. Please ensure there is always exactly one audio listener in the scene.
2023-07-30 10:59:02,638 [ 1] INFO  Unity: There are 2 audio listeners in the scene. Please ensure there is always exactly one audio listener in the scene.
2023-07-30 10:59:02,653 [ 1] INFO  Unity: There are 2 audio listeners in the scene. Please ensure there is always exactly one audio listener in the scene.
2023-07-30 10:59:02,655 [ 1] INFO  Unity: There are 2 audio listeners in the scene. Please ensure there is always exactly one audio listener in the scene.
2023-07-30 10:59:02,670 [ 1] INFO  Unity: There are 2 audio listeners in the scene. Please ensure there is always exactly one audio listener in the scene.
2023-07-30 10:59:02,671 [ 1] INFO  Unity: There are 2 audio listeners in the scene. Please ensure there is always exactly one audio listener in the scene.
2023-07-30 10:59:02,686 [ 1] INFO  Unity: There are 2 audio listeners in the scene. Please ensure there is always exactly one audio listener in the scene.
2023-07-30 10:59:02,687 [ 1] INFO  Unity: There are 2 audio listeners in the scene. Please ensure there is always exactly one audio listener in the scene.
2023-07-30 10:59:02,703 [ 1] INFO  Unity: There are 2 audio listeners in the scene. Please ensure there is always exactly one audio listener in the scene.
2023-07-30 10:59:02,704 [ 1] INFO  Unity: There are 2 audio listeners in the scene. Please ensure there is always exactly one audio listener in the scene.
2023-07-30 10:59:02,719 [ 1] INFO  Unity: There are 2 audio listeners in the scene. Please ensure there is always exactly one audio listener in the scene.
2023-07-30 10:59:02,720 [ 1] INFO  Unity: There are 2 audio listeners in the scene. Please ensure there is always exactly one audio listener in the scene.
2023-07-30 10:59:02,736 [ 1] INFO  Unity: There are 2 audio listeners in the scene. Please ensure there is always exactly one audio listener in the scene.
2023-07-30 10:59:02,737 [ 1] INFO  Unity: There are 2 audio listeners in the scene. Please ensure there is always exactly one audio listener in the scene.
2023-07-30 10:59:02,752 [ 1] INFO  Unity: There are 2 audio listeners in the scene. Please ensure there is always exactly one audio listener in the scene.
2023-07-30 10:59:02,753 [ 1] INFO  Unity: There are 2 audio listeners in the scene. Please ensure there is always exactly one audio listener in the scene.
2023-07-30 10:59:02,768 [ 1] INFO  Unity: There are 2 audio listeners in the scene. Please ensure there is always exactly one audio listener in the scene.
2023-07-30 10:59:02,770 [ 1] INFO  Unity: There are 2 audio listeners in the scene. Please ensure there is always exactly one audio listener in the scene.
2023-07-30 10:59:02,785 [ 1] INFO  Unity: There are 2 audio listeners in the scene. Please ensure there is always exactly one audio listener in the scene.
2023-07-30 10:59:02,787 [ 1] INFO  Unity: There are 2 audio listeners in the scene. Please ensure there is always exactly one audio listener in the scene.
2023-07-30 10:59:02,802 [ 1] INFO  Unity: There are 2 audio listeners in the scene. Please ensure there is always exactly one audio listener in the scene.
2023-07-30 10:59:02,804 [ 1] INFO  Unity: There are 2 audio listeners in the scene. Please ensure there is always exactly one audio listener in the scene.
2023-07-30 10:59:02,818 [ 1] INFO  Unity: There are 2 audio listeners in the scene. Please ensure there is always exactly one audio listener in the scene.
2023-07-30 10:59:02,819 [ 1] INFO  Unity: There are 2 audio listeners in the scene. Please ensure there is always exactly one audio listener in the scene.
2023-07-30 10:59:02,835 [ 1] INFO  Unity: There are 2 audio listeners in the scene. Please ensure there is always exactly one audio listener in the scene.
2023-07-30 10:59:02,836 [ 1] INFO  Unity: There are 2 audio listeners in the scene. Please ensure there is always exactly one audio listener in the scene.
2023-07-30 10:59:02,851 [ 1] INFO  Unity: There are 2 audio listeners in the scene. Please ensure there is always exactly one audio listener in the scene.
2023-07-30 10:59:02,852 [ 1] INFO  Unity: There are 2 audio listeners in the scene. Please ensure there is always exactly one audio listener in the scene.
2023-07-30 10:59:02,868 [ 1] INFO  Unity: There are 2 audio listeners in the scene. Please ensure there is always exactly one audio listener in the scene.
2023-07-30 10:59:02,870 [ 1] INFO  Unity: There are 2 audio listeners in the scene. Please ensure there is always exactly one audio listener in the scene.
2023-07-30 10:59:02,885 [ 1] INFO  Unity: There are 2 audio listeners in the scene. Please ensure there is always exactly one audio listener in the scene.
2023-07-30 10:59:02,887 [ 1] INFO  Unity: There are 2 audio listeners in the scene. Please ensure there is always exactly one audio listener in the scene.
2023-07-30 10:59:02,901 [ 1] INFO  Unity: There are 2 audio listeners in the scene. Please ensure there is always exactly one audio listener in the scene.
2023-07-30 10:59:02,902 [ 1] INFO  Unity: There are 2 audio listeners in the scene. Please ensure there is always exactly one audio listener in the scene.
2023-07-30 10:59:02,917 [ 1] INFO  Unity: There are 2 audio listeners in the scene. Please ensure there is always exactly one audio listener in the scene.
2023-07-30 10:59:02,919 [ 1] INFO  Unity: There are 2 audio listeners in the scene. Please ensure there is always exactly one audio listener in the scene.
2023-07-30 10:59:02,934 [ 1] INFO  Unity: There are 2 audio listeners in the scene. Please ensure there is always exactly one audio listener in the scene.
2023-07-30 10:59:02,936 [ 1] INFO  Unity: There are 2 audio listeners in the scene. Please ensure there is always exactly one audio listener in the scene.
2023-07-30 10:59:02,951 [ 1] INFO  Unity: There are 2 audio listeners in the scene. Please ensure there is always exactly one audio listener in the scene.
2023-07-30 10:59:02,953 [ 1] INFO  Unity: There are 2 audio listeners in the scene. Please ensure there is always exactly one audio listener in the scene.
2023-07-30 10:59:02,968 [ 1] INFO  Unity: There are 2 audio listeners in the scene. Please ensure there is always exactly one audio listener in the scene.
2023-07-30 10:59:02,969 [ 1] INFO  Unity: There are 2 audio listeners in the scene. Please ensure there is always exactly one audio listener in the scene.
2023-07-30 10:59:02,984 [ 1] INFO  Unity: There are 2 audio listeners in the scene. Please ensure there is always exactly one audio listener in the scene.
2023-07-30 10:59:02,985 [ 1] INFO  Unity: There are 2 audio listeners in the scene. Please ensure there is always exactly one audio listener in the scene.
2023-07-30 10:59:03,001 [ 1] INFO  Unity: There are 2 audio listeners in the scene. Please ensure there is always exactly one audio listener in the scene.
2023-07-30 10:59:03,002 [ 1] INFO  Unity: There are 2 audio listeners in the scene. Please ensure there is always exactly one audio listener in the scene.
2023-07-30 10:59:03,017 [ 1] INFO  Unity: There are 2 audio listeners in the scene. Please ensure there is always exactly one audio listener in the scene.
2023-07-30 10:59:03,019 [ 1] INFO  Unity: There are 2 audio listeners in the scene. Please ensure there is always exactly one audio listener in the scene.
2023-07-30 10:59:03,034 [ 1] INFO  Unity: There are 2 audio listeners in the scene. Please ensure there is always exactly one audio listener in the scene.
2023-07-30 10:59:03,035 [ 1] INFO  Unity: There are 2 audio listeners in the scene. Please ensure there is always exactly one audio listener in the scene.
2023-07-30 10:59:03,050 [ 1] INFO  Unity: There are 2 audio listeners in the scene. Please ensure there is always exactly one audio listener in the scene.
2023-07-30 10:59:03,052 [ 1] INFO  Unity: There are 2 audio listeners in the scene. Please ensure there is always exactly one audio listener in the scene.
2023-07-30 10:59:03,067 [ 1] INFO  Unity: There are 2 audio listeners in the scene. Please ensure there is always exactly one audio listener in the scene.
2023-07-30 10:59:03,068 [ 1] INFO  Unity: There are 2 audio listeners in the scene. Please ensure there is always exactly one audio listener in the scene.
2023-07-30 10:59:03,084 [ 1] INFO  Unity: There are 2 audio listeners in the scene. Please ensure there is always exactly one audio listener in the scene.
2023-07-30 10:59:03,085 [ 1] INFO  Unity: There are 2 audio listeners in the scene. Please ensure there is always exactly one audio listener in the scene.
2023-07-30 10:59:03,100 [ 1] INFO  Unity: There are 2 audio listeners in the scene. Please ensure there is always exactly one audio listener in the scene.
2023-07-30 10:59:03,102 [ 1] INFO  Unity: There are 2 audio listeners in the scene. Please ensure there is always exactly one audio listener in the scene.
2023-07-30 10:59:03,117 [ 1] INFO  Unity: There are 2 audio listeners in the scene. Please ensure there is always exactly one audio listener in the scene.
2023-07-30 10:59:03,119 [ 1] INFO  Unity: There are 2 audio listeners in the scene. Please ensure there is always exactly one audio listener in the scene.
2023-07-30 10:59:03,133 [ 1] INFO  Unity: There are 2 audio listeners in the scene. Please ensure there is always exactly one audio listener in the scene.
2023-07-30 10:59:03,135 [ 1] INFO  Unity: There are 2 audio listeners in the scene. Please ensure there is always exactly one audio listener in the scene.
2023-07-30 10:59:03,149 [ 1] INFO  Unity: There are 2 audio listeners in the scene. Please ensure there is always exactly one audio listener in the scene.
2023-07-30 10:59:03,150 [ 1] INFO  Unity: There are 2 audio listeners in the scene. Please ensure there is always exactly one audio listener in the scene.
2023-07-30 10:59:03,166 [ 1] INFO  Unity: There are 2 audio listeners in the scene. Please ensure there is always exactly one audio listener in the scene.
2023-07-30 10:59:03,167 [ 1] INFO  Unity: There are 2 audio listeners in the scene. Please ensure there is always exactly one audio listener in the scene.
2023-07-30 10:59:03,183 [ 1] INFO  Unity: There are 2 audio listeners in the scene. Please ensure there is always exactly one audio listener in the scene.
2023-07-30 10:59:03,184 [ 1] INFO  Unity: There are 2 audio listeners in the scene. Please ensure there is always exactly one audio listener in the scene.
2023-07-30 10:59:03,199 [ 1] INFO  Unity: There are 2 audio listeners in the scene. Please ensure there is always exactly one audio listener in the scene.
2023-07-30 10:59:03,200 [ 1] INFO  Unity: There are 2 audio listeners in the scene. Please ensure there is always exactly one audio listener in the scene.
2023-07-30 10:59:03,217 [ 1] INFO  Unity: There are 2 audio listeners in the scene. Please ensure there is always exactly one audio listener in the scene.
2023-07-30 10:59:03,218 [ 1] INFO  Unity: There are 2 audio listeners in the scene. Please ensure there is always exactly one audio listener in the scene.
2023-07-30 10:59:03,233 [ 1] INFO  Unity: There are 2 audio listeners in the scene. Please ensure there is always exactly one audio listener in the scene.
2023-07-30 10:59:03,234 [ 1] INFO  Unity: There are 2 audio listeners in the scene. Please ensure there is always exactly one audio listener in the scene.
2023-07-30 10:59:03,249 [ 1] INFO  Unity: There are 2 audio listeners in the scene. Please ensure there is always exactly one audio listener in the scene.
2023-07-30 10:59:03,250 [ 1] INFO  Unity: There are 2 audio listeners in the scene. Please ensure there is always exactly one audio listener in the scene.
2023-07-30 10:59:03,266 [ 1] INFO  Unity: There are 2 audio listeners in the scene. Please ensure there is always exactly one audio listener in the scene.
2023-07-30 10:59:03,268 [ 1] INFO  Unity: There are 2 audio listeners in the scene. Please ensure there is always exactly one audio listener in the scene.
2023-07-30 10:59:03,283 [ 1] INFO  Unity: There are 2 audio listeners in the scene. Please ensure there is always exactly one audio listener in the scene.
2023-07-30 10:59:03,285 [ 1] INFO  Unity: There are 2 audio listeners in the scene. Please ensure there is always exactly one audio listener in the scene.
2023-07-30 10:59:03,299 [ 1] INFO  Unity: There are 2 audio listeners in the scene. Please ensure there is always exactly one audio listener in the scene.
2023-07-30 10:59:03,300 [ 1] INFO  Unity: There are 2 audio listeners in the scene. Please ensure there is always exactly one audio listener in the scene.
2023-07-30 10:59:03,316 [ 1] INFO  Unity: There are 2 audio listeners in the scene. Please ensure there is always exactly one audio listener in the scene.
2023-07-30 10:59:03,318 [ 1] INFO  Unity: There are 2 audio listeners in the scene. Please ensure there is always exactly one audio listener in the scene.
2023-07-30 10:59:03,332 [ 1] INFO  Unity: There are 2 audio listeners in the scene. Please ensure there is always exactly one audio listener in the scene.
2023-07-30 10:59:03,334 [ 1] INFO  Unity: There are 2 audio listeners in the scene. Please ensure there is always exactly one audio listener in the scene.
2023-07-30 10:59:03,349 [ 1] INFO  Unity: There are 2 audio listeners in the scene. Please ensure there is always exactly one audio listener in the scene.
2023-07-30 10:59:03,350 [ 1] INFO  Unity: There are 2 audio listeners in the scene. Please ensure there is always exactly one audio listener in the scene.
2023-07-30 10:59:03,366 [ 1] INFO  Unity: There are 2 audio listeners in the scene. Please ensure there is always exactly one audio listener in the scene.
2023-07-30 10:59:03,367 [ 1] INFO  Unity: There are 2 audio listeners in the scene. Please ensure there is always exactly one audio listener in the scene.
2023-07-30 10:59:03,382 [ 1] INFO  Unity: There are 2 audio listeners in the scene. Please ensure there is always exactly one audio listener in the scene.
2023-07-30 10:59:03,383 [ 1] INFO  Unity: There are 2 audio listeners in the scene. Please ensure there is always exactly one audio listener in the scene.
2023-07-30 10:59:03,399 [ 1] INFO  Unity: There are 2 audio listeners in the scene. Please ensure there is always exactly one audio listener in the scene.
2023-07-30 10:59:03,400 [ 1] INFO  Unity: There are 2 audio listeners in the scene. Please ensure there is always exactly one audio listener in the scene.
2023-07-30 10:59:03,415 [ 1] INFO  Unity: There are 2 audio listeners in the scene. Please ensure there is always exactly one audio listener in the scene.
2023-07-30 10:59:03,416 [ 1] INFO  Unity: There are 2 audio listeners in the scene. Please ensure there is always exactly one audio listener in the scene.
2023-07-30 10:59:03,431 [ 1] INFO  Unity: There are 2 audio listeners in the scene. Please ensure there is always exactly one audio listener in the scene.
2023-07-30 10:59:03,433 [ 1] INFO  Unity: There are 2 audio listeners in the scene. Please ensure there is always exactly one audio listener in the scene.
2023-07-30 10:59:03,448 [ 1] INFO  Unity: There are 2 audio listeners in the scene. Please ensure there is always exactly one audio listener in the scene.
2023-07-30 10:59:03,450 [ 1] INFO  Unity: There are 2 audio listeners in the scene. Please ensure there is always exactly one audio listener in the scene.
2023-07-30 10:59:03,465 [ 1] INFO  Unity: There are 2 audio listeners in the scene. Please ensure there is always exactly one audio listener in the scene.
2023-07-30 10:59:03,466 [ 1] INFO  Unity: There are 2 audio listeners in the scene. Please ensure there is always exactly one audio listener in the scene.
2023-07-30 10:59:03,482 [ 1] INFO  Unity: There are 2 audio listeners in the scene. Please ensure there is always exactly one audio listener in the scene.
2023-07-30 10:59:03,484 [ 1] INFO  Unity: UserGameEnterRequest::characterId :0
2023-07-30 10:59:03,487 [ 1] INFO  Unity: There are 2 audio listeners in the scene. Please ensure there is always exactly one audio listener in the scene.
2023-07-30 10:59:03,498 [ 1] INFO  Unity: There are 2 audio listeners in the scene. Please ensure there is always exactly one audio listener in the scene.
2023-07-30 10:59:03,499 [ 1] INFO  Unity: There are 2 audio listeners in the scene. Please ensure there is always exactly one audio listener in the scene.
2023-07-30 10:59:03,514 [ 1] INFO  Unity: There are 2 audio listeners in the scene. Please ensure there is always exactly one audio listener in the scene.
2023-07-30 10:59:03,515 [ 1] INFO  Unity: There are 2 audio listeners in the scene. Please ensure there is always exactly one audio listener in the scene.
2023-07-30 10:59:03,531 [ 1] INFO  Unity: There are 2 audio listeners in the scene. Please ensure there is always exactly one audio listener in the scene.
2023-07-30 10:59:03,532 [ 1] INFO  Unity: There are 2 audio listeners in the scene. Please ensure there is always exactly one audio listener in the scene.
2023-07-30 10:59:03,548 [ 1] INFO  Unity: There are 2 audio listeners in the scene. Please ensure there is always exactly one audio listener in the scene.
2023-07-30 10:59:03,549 [ 1] INFO  Unity: There are 2 audio listeners in the scene. Please ensure there is always exactly one audio listener in the scene.
2023-07-30 10:59:03,564 [ 1] INFO  Unity: There are 2 audio listeners in the scene. Please ensure there is always exactly one audio listener in the scene.
2023-07-30 10:59:03,565 [ 1] INFO  Unity: There are 2 audio listeners in the scene. Please ensure there is always exactly one audio listener in the scene.
2023-07-30 10:59:03,581 [ 1] INFO  Unity: There are 2 audio listeners in the scene. Please ensure there is always exactly one audio listener in the scene.
2023-07-30 10:59:03,582 [ 1] INFO  Unity: There are 2 audio listeners in the scene. Please ensure there is always exactly one audio listener in the scene.
2023-07-30 10:59:03,597 [ 1] INFO  Unity: There are 2 audio listeners in the scene. Please ensure there is always exactly one audio listener in the scene.
2023-07-30 10:59:03,598 [ 1] INFO  Unity: There are 2 audio listeners in the scene. Please ensure there is always exactly one audio listener in the scene.
2023-07-30 10:59:03,613 [ 1] INFO  Unity: There are 2 audio listeners in the scene. Please ensure there is always exactly one audio listener in the scene.
2023-07-30 10:59:03,634 [ 1] INFO  Unity: OnGameEnter:Success [None]
2023-07-30 10:59:03,636 [ 1] INFO  Unity: ItemManager:Init[Id:1,Count:30]
2023-07-30 10:59:03,637 [ 1] INFO  Unity: ItemManager:Init[Id:2,Count:21]
2023-07-30 10:59:03,638 [ 1] INFO  Unity: ItemManager:Init[Id:3,Count:15]
2023-07-30 10:59:03,638 [ 1] INFO  Unity: ItemManager:Init[Id:8002,Count:1]
2023-07-30 10:59:03,639 [ 1] INFO  Unity: ItemManager:Init[Id:8001,Count:1]
2023-07-30 10:59:03,640 [ 1] INFO  Unity: ItemManager:Init[Id:8003,Count:1]
2023-07-30 10:59:03,640 [ 1] INFO  Unity: ItemManager:Init[Id:4,Count:20]
2023-07-30 10:59:03,641 [ 1] INFO  Unity: ItemManager:Init[Id:2001,Count:1]
2023-07-30 10:59:03,642 [ 1] INFO  Unity: ItemManager:Init[Id:2002,Count:2]
2023-07-30 10:59:03,642 [ 1] INFO  Unity: ItemManager:Init[Id:2004,Count:1]
2023-07-30 10:59:03,643 [ 1] INFO  Unity: ItemManager:Init[Id:2007,Count:1]
2023-07-30 10:59:03,644 [ 1] INFO  Unity: ItemManager:Init[Id:2006,Count:1]
2023-07-30 10:59:03,654 [ 1] INFO  Unity: OnGuild : Success 1:×ï¶ñ¶¼¼Ó¼Ó
2023-07-30 10:59:03,655 [ 1] INFO  Unity: OnMapCharacterEnter:Map:1 Count:1
2023-07-30 10:59:03,657 [ 1] INFO  Unity: AddCharacter:1:11 Map:1 Entity:(10:pos:(5000,4000,820),dir:(100,0,0),spd:0
2023-07-30 10:59:03,660 [ 1] INFO  Unity: LoadLevel: MainCity
2023-07-30 10:59:04,785 [ 1] WARN  Unity: No mesh data available for mesh Sphere001 on particle system fx_portal. Make sure Read/Write Enabled is set in the importer to work on the particle system renderer
UnityEngine.Resources:Load(String)
Resloader:Load(String) (at Assets/Scripts/Assets/Resloader.cs:11)
SoundManager:PlayMusic(String) (at Assets/Scripts/Sound/SoundManager.cs:95)
Services.MapService:EnterMap(Int32) (at Assets/Scripts/Services/MapService.cs:78)
Services.MapService:OnMapCharacterEnter(Object, MapCharacterEnterResponse) (at Assets/Scripts/Services/MapService.cs:50)
Network.MessageDistributer`1:RaiseEvent(Object, MapCharacterEnterResponse)
Network.MessageDispatch`1:Dispatch(Object, NetMessageResponse)
Network.MessageDistributer`1:Distribute()
Network.NetClient:ProceeMessage() (at Assets/Scripts/Network/NetClient.cs:418)
Network.NetClient:Update() (at Assets/Scripts/Network/NetClient.cs:436)

2023-07-30 10:59:04,786 [ 1] WARN  Unity: No mesh data available for mesh Sphere001 on particle system fx_portal. Make sure Read/Write Enabled is set in the importer to work on the particle system renderer
UnityEngine.Resources:Load(String)
Resloader:Load(String) (at Assets/Scripts/Assets/Resloader.cs:11)
SoundManager:PlayMusic(String) (at Assets/Scripts/Sound/SoundManager.cs:95)
Services.MapService:EnterMap(Int32) (at Assets/Scripts/Services/MapService.cs:78)
Services.MapService:OnMapCharacterEnter(Object, MapCharacterEnterResponse) (at Assets/Scripts/Services/MapService.cs:50)
Network.MessageDistributer`1:RaiseEvent(Object, MapCharacterEnterResponse)
Network.MessageDispatch`1:Dispatch(Object, NetMessageResponse)
Network.MessageDistributer`1:Distribute()
Network.NetClient:ProceeMessage() (at Assets/Scripts/Network/NetClient.cs:418)
Network.NetClient:Update() (at Assets/Scripts/Network/NetClient.cs:436)

2023-07-30 10:59:04,788 [ 1] INFO  Unity: There are 2 audio listeners in the scene. Please ensure there is always exactly one audio listener in the scene.
2023-07-30 10:59:04,801 [ 1] INFO  Unity: There are 2 audio listeners in the scene. Please ensure there is always exactly one audio listener in the scene.
2023-07-30 10:59:04,802 [ 1] INFO  Unity: There are 2 audio listeners in the scene. Please ensure there is always exactly one audio listener in the scene.
2023-07-30 10:59:04,802 [ 1] INFO  Unity: There are 2 audio listeners in the scene. Please ensure there is always exactly one audio listener in the scene.
2023-07-30 10:59:04,803 [ 1] INFO  Unity: There are 2 audio listeners in the scene. Please ensure there is always exactly one audio listener in the scene.
2023-07-30 10:59:04,803 [ 1] INFO  Unity: There are 2 audio listeners in the scene. Please ensure there is always exactly one audio listener in the scene.
2023-07-30 10:59:04,803 [ 1] INFO  Unity: There are 2 audio listeners in the scene. Please ensure there is always exactly one audio listener in the scene.
2023-07-30 10:59:04,804 [ 1] INFO  Unity: There are 2 audio listeners in the scene. Please ensure there is always exactly one audio listener in the scene.
2023-07-30 10:59:04,899 [ 1] WARN  Unity: MainPlayerCamera[-277884] Awake
UnityEngine.Debug:LogWarningFormat(String, Object[])
MonoSingleton`1:Awake() (at Assets/Scripts/Utilities/MonoSingleton.cs:24)

2023-07-30 10:59:04,900 [ 1] WARN  Unity: GameObjectManager[-277836] Awake
UnityEngine.Debug:LogWarningFormat(String, Object[])
MonoSingleton`1:Awake() (at Assets/Scripts/Utilities/MonoSingleton.cs:24)

2023-07-30 10:59:04,908 [ 1] WARN  Unity: UIMain[69220] Awake
UnityEngine.Debug:LogWarningFormat(String, Object[])
MonoSingleton`1:Awake() (at Assets/Scripts/Utilities/MonoSingleton.cs:24)

2023-07-30 10:59:04,910 [ 1] WARN  Unity: UIWorldElementManager[70182] Awake
UnityEngine.Debug:LogWarningFormat(String, Object[])
MonoSingleton`1:Awake() (at Assets/Scripts/Utilities/MonoSingleton.cs:24)

2023-07-30 10:59:04,946 [ 1] INFO  Unity: LevelLoadCompleted:1
2023-07-30 10:59:05,009 [ 1] INFO  Unity: Set Channel:Local
2023-07-30 10:59:05,935 [ 1] INFO  Unity: SetDirection:(98, -18, 0)
2023-07-30 10:59:05,937 [ 1] INFO  Unity: MapEntityUpdateRequest :ID:10 POS:(5000,4000,820) DIR:(98,-18,0) SPD:0
2023-07-30 10:59:06,033 [ 1] INFO  Unity: SetDirection:(94, -35, 0)
2023-07-30 10:59:06,035 [ 1] INFO  Unity: MapEntityUpdateRequest :ID:10 POS:(5000,4000,820) DIR:(94,-35,0) SPD:0
2023-07-30 10:59:06,117 [ 1] INFO  Unity: SetDirection:(86, -51, 0)
2023-07-30 10:59:06,118 [ 1] INFO  Unity: MapEntityUpdateRequest :ID:10 POS:(5000,4000,820) DIR:(86,-51,0) SPD:0
2023-07-30 10:59:06,216 [ 1] INFO  Unity: SetDirection:(74, -68, 0)
2023-07-30 10:59:06,217 [ 1] INFO  Unity: MapEntityUpdateRequest :ID:10 POS:(5000,4000,820) DIR:(74,-68,0) SPD:0
2023-07-30 10:59:06,233 [ 1] INFO  Unity: MoveForward
2023-07-30 10:59:06,234 [ 1] INFO  Unity: MapEntityUpdateRequest :ID:10 POS:(5000,4000,820) DIR:(74,-68,0) SPD:300
2023-07-30 10:59:06,318 [ 1] INFO  Unity: SetDirection:(58, -81, 0)
2023-07-30 10:59:06,319 [ 1] INFO  Unity: MapEntityUpdateRequest :ID:10 POS:(5020,3985,820) DIR:(58,-81,0) SPD:300
2023-07-30 10:59:06,450 [ 1] INFO  Unity: SetDirection:(42, -91, 0)
2023-07-30 10:59:06,451 [ 1] INFO  Unity: MapEntityUpdateRequest :ID:10 POS:(5044,3953,820) DIR:(42,-91,0) SPD:300
2023-07-30 10:59:06,931 [ 1] INFO  Unity: SetDirection:(25, -97, 0)
2023-07-30 10:59:06,932 [ 1] INFO  Unity: MapEntityUpdateRequest :ID:10 POS:(5102,3808,820) DIR:(25,-97,0) SPD:300
2023-07-30 10:59:07,064 [ 1] INFO  Unity: SetDirection:(7, -100, 0)
2023-07-30 10:59:07,065 [ 1] INFO  Unity: MapEntityUpdateRequest :ID:10 POS:(5110,3768,820) DIR:(7,-100,0) SPD:300
2023-07-30 10:59:07,478 [ 1] INFO  Unity: Stop
2023-07-30 10:59:07,479 [ 1] INFO  Unity: MapEntityUpdateRequest :ID:10 POS:(5110,3643,820) DIR:(7,-100,0) SPD:0
2023-07-30 10:59:08,362 [ 1] INFO  Unity: SetDirection:(-11, -99, 0)
2023-07-30 10:59:08,363 [ 1] INFO  Unity: MapEntityUpdateRequest :ID:10 POS:(5110,3643,820) DIR:(-11,-99,0) SPD:0
2023-07-30 10:59:09,052 [ 1] INFO  Unity: SendGuildListRequest
2023-07-30 10:59:20,868 [ 1] INFO  Unity: SendGuildListRequest
2023-07-30 10:59:37,049 [ 1] INFO  Unity: UserGameLeaveRequest
2023-07-30 10:59:37,083 [ 1] INFO  Unity: OnMapCharacterLeave: CharID:10
2023-07-30 10:59:37,085 [ 1] INFO  Unity: RemoveCharacter:10
2023-07-30 10:59:37,088 [ 1] INFO  Unity: OnGameLeave:Success [None]
2023-07-30 10:59:37,361 [ 1] INFO  Unity: Character_1_11 OnDestroy :ID:10 POS:(5110, 3643, 820) DIR:(-11, -99, 0) SPD:0 
2023-07-30 10:59:37,389 [ 1] INFO  Unity: OnDestroy NetworkManager.
2023-07-30 10:59:37,390 [ 1] WARN  Unity: CloseConnection(), errorCode: 1007
UnityEngine.Debug:LogWarning(Object)
Network.NetClient:CloseConnection(Int32) (at Assets/Scripts/Network/NetClient.cs:177)
Network.NetClient:OnDestroy() (at Assets/Scripts/Network/NetClient.cs:172)

